2022-06-19 16:34:20,865 [Worker-5: Loading available Gradle versions] INFO  o.e.b.c.i.u.g.PublishedGradleVersions - Gradle version information cache is up-to-date. Trying to read.
2022-06-19 16:35:40,869 [Worker-2: Importing Maven projects] INFO  o.e.m.c.i.l.LifecycleMappingFactory - Using org.eclipse.m2e.jdt.JarLifecycleMapping lifecycle mapping for MavenProject: br.acc.academia.seleniumwebdriver:academia-seleniumwebdriver:0.0.1-SNAPSHOT @ C:\Users\55819\Downloads\desafioJusta-main\desafioJusta-main\desafio-justa\academia-seleniumwebdriver\pom.xml.
2022-06-19 16:35:45,738 [Worker-2: Importing Maven projects] INFO  o.e.m.j.i.AbstractJavaProjectConfigurator - Adding source folder /academia-seleniumwebdriver/src/main/java
2022-06-19 16:35:45,742 [Worker-2: Importing Maven projects] INFO  o.e.m.j.i.AbstractJavaProjectConfigurator - Adding source folder /academia-seleniumwebdriver/src/test/java
2022-06-19 16:35:45,744 [Worker-2: Importing Maven projects] INFO  o.e.m.j.i.AbstractJavaProjectConfigurator - Adding resource folder /academia-seleniumwebdriver/src/test/resources
2022-06-19 16:35:46,804 [Worker-2: Importing Maven projects] INFO  o.e.m.c.i.p.ProjectConfigurationManager - Imported and configured 1 project(s) in 35 sec
2022-06-19 16:35:56,274 [Worker-4: Building] WARN  o.e.m.c.i.embedder.EclipseLogger - Using platform encoding (Cp1252 actually) to copy filtered resources, i.e. build is platform dependent!
2022-06-19 16:35:56,293 [Worker-4: Building] INFO  o.e.m.c.i.embedder.EclipseLogger - skip non existing resourceDirectory C:\Users\55819\Downloads\desafioJusta-main\desafioJusta-main\desafio-justa\academia-seleniumwebdriver\src\main\resources
2022-06-19 16:35:56,303 [Worker-4: Building] WARN  o.e.m.c.i.embedder.EclipseLogger - Using platform encoding (Cp1252 actually) to copy filtered resources, i.e. build is platform dependent!
2022-06-19 16:35:56,343 [Worker-4: Building] INFO  o.e.m.c.i.embedder.EclipseLogger - Copying 6 resources
2022-06-19 16:36:40,466 [Worker-4: Building] WARN  o.e.m.c.i.embedder.EclipseLogger - Using platform encoding (Cp1252 actually) to copy filtered resources, i.e. build is platform dependent!
2022-06-19 16:36:40,469 [Worker-4: Building] INFO  o.e.m.c.i.embedder.EclipseLogger - skip non existing resourceDirectory C:\Users\55819\Downloads\desafioJusta-main\desafioJusta-main\desafio-justa\academia-seleniumwebdriver\src\main\resources
2022-06-19 16:36:40,476 [Worker-4: Building] WARN  o.e.m.c.i.embedder.EclipseLogger - Using platform encoding (Cp1252 actually) to copy filtered resources, i.e. build is platform dependent!
2022-06-19 16:36:40,482 [Worker-4: Building] INFO  o.e.m.c.i.embedder.EclipseLogger - Copying 0 resource
2022-06-19 16:37:08,622 [Worker-5: Launching Runner] WARN  o.e.m.c.i.embedder.EclipseLogger - Using platform encoding (Cp1252 actually) to copy filtered resources, i.e. build is platform dependent!
2022-06-19 16:37:08,626 [Worker-5: Launching Runner] INFO  o.e.m.c.i.embedder.EclipseLogger - skip non existing resourceDirectory C:\Users\55819\Downloads\desafioJusta-main\desafioJusta-main\desafio-justa\academia-seleniumwebdriver\src\main\resources
2022-06-19 16:37:08,630 [Worker-5: Launching Runner] WARN  o.e.m.c.i.embedder.EclipseLogger - Using platform encoding (Cp1252 actually) to copy filtered resources, i.e. build is platform dependent!
2022-06-19 16:37:08,652 [Worker-5: Launching Runner] INFO  o.e.m.c.i.embedder.EclipseLogger - Copying 6 resources
2022-06-19 16:38:20,528 [Worker-3: Launching Runner] WARN  o.e.m.c.i.embedder.EclipseLogger - Using platform encoding (Cp1252 actually) to copy filtered resources, i.e. build is platform dependent!
2022-06-19 16:38:20,551 [Worker-3: Launching Runner] INFO  o.e.m.c.i.embedder.EclipseLogger - skip non existing resourceDirectory C:\Users\55819\Downloads\desafioJusta-main\desafioJusta-main\desafio-justa\academia-seleniumwebdriver\src\main\resources
2022-06-19 16:38:20,555 [Worker-3: Launching Runner] WARN  o.e.m.c.i.embedder.EclipseLogger - Using platform encoding (Cp1252 actually) to copy filtered resources, i.e. build is platform dependent!
2022-06-19 16:38:20,562 [Worker-3: Launching Runner] INFO  o.e.m.c.i.embedder.EclipseLogger - Copying 6 resources
2022-06-19 16:45:05,788 [Worker-4: Building] WARN  o.e.m.c.i.embedder.EclipseLogger - Using platform encoding (Cp1252 actually) to copy filtered resources, i.e. build is platform dependent!
2022-06-19 16:45:05,792 [Worker-4: Building] INFO  o.e.m.c.i.embedder.EclipseLogger - skip non existing resourceDirectory C:\Users\55819\Downloads\desafioJusta-main\desafioJusta-main\desafio-justa\academia-seleniumwebdriver\src\main\resources
2022-06-19 16:45:05,799 [Worker-4: Building] WARN  o.e.m.c.i.embedder.EclipseLogger - Using platform encoding (Cp1252 actually) to copy filtered resources, i.e. build is platform dependent!
2022-06-19 16:45:05,808 [Worker-4: Building] INFO  o.e.m.c.i.embedder.EclipseLogger - Copying 6 resources
2022-06-19 16:46:01,973 [Worker-4: Building] WARN  o.e.m.c.i.embedder.EclipseLogger - Using platform encoding (Cp1252 actually) to copy filtered resources, i.e. build is platform dependent!
2022-06-19 16:46:01,976 [Worker-4: Building] INFO  o.e.m.c.i.embedder.EclipseLogger - skip non existing resourceDirectory C:\Users\55819\Downloads\desafioJusta-main\desafioJusta-main\desafio-justa\academia-seleniumwebdriver\src\main\resources
2022-06-19 16:46:01,995 [Worker-4: Building] WARN  o.e.m.c.i.embedder.EclipseLogger - Using platform encoding (Cp1252 actually) to copy filtered resources, i.e. build is platform dependent!
2022-06-19 16:46:02,021 [Worker-4: Building] INFO  o.e.m.c.i.embedder.EclipseLogger - Copying 6 resources
2022-06-19 16:46:17,055 [Worker-4: Building] WARN  o.e.m.c.i.embedder.EclipseLogger - Using platform encoding (Cp1252 actually) to copy filtered resources, i.e. build is platform dependent!
2022-06-19 16:46:17,058 [Worker-4: Building] INFO  o.e.m.c.i.embedder.EclipseLogger - skip non existing resourceDirectory C:\Users\55819\Downloads\desafioJusta-main\desafioJusta-main\desafio-justa\academia-seleniumwebdriver\src\main\resources
2022-06-19 16:46:17,062 [Worker-4: Building] WARN  o.e.m.c.i.embedder.EclipseLogger - Using platform encoding (Cp1252 actually) to copy filtered resources, i.e. build is platform dependent!
2022-06-19 16:46:17,069 [Worker-4: Building] INFO  o.e.m.c.i.embedder.EclipseLogger - Copying 1 resource
2022-06-19 16:47:33,456 [Worker-6: Building] WARN  o.e.m.c.i.embedder.EclipseLogger - Using platform encoding (Cp1252 actually) to copy filtered resources, i.e. build is platform dependent!
2022-06-19 16:47:33,459 [Worker-6: Building] INFO  o.e.m.c.i.embedder.EclipseLogger - skip non existing resourceDirectory C:\Users\55819\Downloads\desafioJusta-main\desafioJusta-main\desafio-justa\academia-seleniumwebdriver\src\main\resources
2022-06-19 16:47:33,466 [Worker-6: Building] WARN  o.e.m.c.i.embedder.EclipseLogger - Using platform encoding (Cp1252 actually) to copy filtered resources, i.e. build is platform dependent!
2022-06-19 16:47:33,469 [Worker-6: Building] INFO  o.e.m.c.i.embedder.EclipseLogger - Copying 1 resource
2022-06-19 16:47:50,437 [Worker-6: Building] WARN  o.e.m.c.i.embedder.EclipseLogger - Using platform encoding (Cp1252 actually) to copy filtered resources, i.e. build is platform dependent!
2022-06-19 16:47:50,441 [Worker-6: Building] INFO  o.e.m.c.i.embedder.EclipseLogger - skip non existing resourceDirectory C:\Users\55819\Downloads\desafioJusta-main\desafioJusta-main\desafio-justa\academia-seleniumwebdriver\src\main\resources
2022-06-19 16:47:50,538 [Worker-6: Building] WARN  o.e.m.c.i.embedder.EclipseLogger - Using platform encoding (Cp1252 actually) to copy filtered resources, i.e. build is platform dependent!
2022-06-19 16:47:50,551 [Worker-6: Building] INFO  o.e.m.c.i.embedder.EclipseLogger - Copying 6 resources
2022-06-19 16:48:14,982 [Worker-9: Building] WARN  o.e.m.c.i.embedder.EclipseLogger - Using platform encoding (Cp1252 actually) to copy filtered resources, i.e. build is platform dependent!
2022-06-19 16:48:15,012 [Worker-9: Building] INFO  o.e.m.c.i.embedder.EclipseLogger - skip non existing resourceDirectory C:\Users\55819\Downloads\desafioJusta-main\desafioJusta-main\desafio-justa\academia-seleniumwebdriver\src\main\resources
2022-06-19 16:48:15,017 [Worker-9: Building] WARN  o.e.m.c.i.embedder.EclipseLogger - Using platform encoding (Cp1252 actually) to copy filtered resources, i.e. build is platform dependent!
2022-06-19 16:48:15,023 [Worker-9: Building] INFO  o.e.m.c.i.embedder.EclipseLogger - Copying 6 resources
2022-06-19 16:48:25,043 [Worker-7: Building] WARN  o.e.m.c.i.embedder.EclipseLogger - Using platform encoding (Cp1252 actually) to copy filtered resources, i.e. build is platform dependent!
2022-06-19 16:48:25,046 [Worker-7: Building] INFO  o.e.m.c.i.embedder.EclipseLogger - skip non existing resourceDirectory C:\Users\55819\Downloads\desafioJusta-main\desafioJusta-main\desafio-justa\academia-seleniumwebdriver\src\main\resources
2022-06-19 16:48:25,056 [Worker-7: Building] WARN  o.e.m.c.i.embedder.EclipseLogger - Using platform encoding (Cp1252 actually) to copy filtered resources, i.e. build is platform dependent!
2022-06-19 16:48:25,060 [Worker-7: Building] INFO  o.e.m.c.i.embedder.EclipseLogger - Copying 1 resource
2022-06-19 16:51:33,728 [Worker-4: Building] WARN  o.e.m.c.i.embedder.EclipseLogger - Using platform encoding (Cp1252 actually) to copy filtered resources, i.e. build is platform dependent!
2022-06-19 16:51:33,753 [Worker-4: Building] INFO  o.e.m.c.i.embedder.EclipseLogger - skip non existing resourceDirectory C:\Users\55819\Downloads\desafioJusta-main\desafioJusta-main\desafio-justa\academia-seleniumwebdriver\src\main\resources
2022-06-19 16:51:33,763 [Worker-4: Building] WARN  o.e.m.c.i.embedder.EclipseLogger - Using platform encoding (Cp1252 actually) to copy filtered resources, i.e. build is platform dependent!
2022-06-19 16:51:33,766 [Worker-4: Building] INFO  o.e.m.c.i.embedder.EclipseLogger - Copying 1 resource
